This is pdfTeX, Version 3.141592653-2.6-1.40.22 (TeX Live 2021/Arch Linux) (preloaded format=pdflatex 2021.6.17)  14 JUL 2021 11:14
entering extended mode
 restricted \write18 enabled.
 %&-line parsing enabled.
**/home/lugot/documents/university/master/52/operation_research_2/thesis/main.t
ex

(/home/lugot/documents/university/master/52/operation_research_2/thesis/main.te
x
LaTeX2e <2020-10-01> patch level 4
L3 programming layer <2021-02-18>

! LaTeX Error: File `lincolncsthesis.cls' not found.

Type X to quit or <RETURN> to proceed,
or enter new name. (Default extension: cls)

Enter file name: 
! Emergency stop.
<read *> 
         
l.11 \renewcommand
                  {\baselinestretch}{1}^^M
End of file on the terminal!

 
Here is how much of TeX's memory you used:
 22 strings out of 478994
 676 string characters out of 5864751
 283044 words of memory out of 5000000
 17605 multiletter control sequences out of 15000+600000
 403430 words of font info for 27 fonts, out of 8000000 for 9000
 1141 hyphenation exceptions out of 8191
 32i,0n,39p,157b,13s stack positions out of 5000i,500n,10000p,200000b,80000s
!  ==> Fatal error occurred, no output PDF file produced!
