Version identifier: 20.1.0.0 | 2020-11-10 | 9bedb6d68
CPXPARAM_Simplex_Tolerances_Feasibility          1.0000000000000001e-09
CPXPARAM_TimeLimit                               1e+20
CPXPARAM_MIP_Tolerances_Integrality              0
Lazy constraint(s) or lazy constraint/branch callback is present.
    Disabling dual reductions (CPX_PARAM_REDUCE) in presolve.
    Disabling presolve reductions that prevent crushing forms (CPX_PARAM_PREREFORM).
Tried aggregator 1 time.
MIP Presolve eliminated 0 rows and 67 columns.
Reduced MIP has 134 rows, 4488 columns, and 8844 nonzeros.
Reduced MIP has 4422 binaries, 66 generals, 0 SOSs, and 0 indicators.
Presolve time = 0.00 sec. (2.81 ticks)
Tried aggregator 1 time.
Reduced MIP has 134 rows, 4488 columns, and 8844 nonzeros.
Reduced MIP has 4422 binaries, 66 generals, 0 SOSs, and 0 indicators.
Presolve time = 0.00 sec. (2.76 ticks)
Warning: Lazy constraints are present for the setting with smaller integrality
    tolerance than feasibility tolerance.
Probing time = 0.01 sec. (3.55 ticks)
Clique table members: 134.
Problem contains 6501 lazy constraints.
MIP emphasis: balance optimality and feasibility.
MIP search method: dynamic search.
Parallel mode: deterministic, using up to 4 threads.
Root relaxation solution time = 0.00 sec. (1.92 ticks)

        Nodes                                         Cuts/
   Node  Left     Objective  IInf  Best Integer    Best Bound    ItCnt     Gap

      0     0      131.6986   100                    116.2089       42         
      0     0      131.6986    90                 ZeroHalf: 8       49         
      0     0      131.6986    90                ZeroHalf: 23       58         
      0     0      131.8646    12                ZeroHalf: 16       73         
      0     0      132.0036   131                ZeroHalf: 52       93         
      0     0      132.0036    58                ZeroHalf: 57      103         
      0     0      132.0036    62                 ZeroHalf: 2      107         
      0     2      132.0175   166                    132.0036      107         
Elapsed time = 0.25 sec. (292.77 ticks, tree = 0.02 MB, solutions = 0)
    604   467      169.3302    25                    132.4087     5916         
   1205   978      141.1067    56                    132.9097    12959         
   1849  1471      162.5881    58                    132.9339    18903         
   2565  2176      157.7066    62                    132.9447    26021         
*  3083  2668      integral     0      189.5670      132.9447    31351   29.87%
   3172  2665      218.5635     4      189.5670      132.9447    31230   29.87%

Performing restart 1

Repeating presolve.
Tried aggregator 1 time.
Reduced MIP has 134 rows, 4488 columns, and 8844 nonzeros.
Reduced MIP has 4422 binaries, 66 generals, 0 SOSs, and 0 indicators.
Presolve time = 0.00 sec. (2.90 ticks)
Tried aggregator 1 time.
Reduced MIP has 134 rows, 4488 columns, and 8844 nonzeros.
Reduced MIP has 4422 binaries, 66 generals, 0 SOSs, and 0 indicators.
Presolve time = 0.00 sec. (2.89 ticks)
Represolve time = 0.06 sec. (41.08 ticks)
Problem contains 6501 lazy constraints.
   3644     0      134.8740   156      189.5670      Cuts: 58    39153   28.85%
   3644     0      136.2716    20      189.5670      Cuts: 53    39202   28.11%
   3644     0      136.4234    18      189.5670      Cuts: 27    39218   28.03%
   3644     0      136.4234    28      189.5670      Cuts: 10    39223   28.03%
   3644     0      136.4234     9      189.5670       Cuts: 2    39228   28.03%
   3644     0      136.4234    72      189.5670      Cuts: 20    39238   28.03%
   3644     0      136.4234    17      189.5670       Cuts: 9    39259   28.03%
   3644     0      136.4234    29      189.5670      Cuts: 11    39275   28.03%
   3644     0      136.4234    19      189.5670       Cuts: 3    39307   28.03%
   3644     0      136.4234    88      189.5670       Cuts: 4    39318   28.03%
   3644     0      136.4234    88      189.5670   ZeroHalf: 3    39320   28.03%
   3644     2      136.4234    88      189.5670      136.4234    39320   28.03%
   3683    35      136.8580   111      189.5670      136.5692    39818   27.96%
   3866   176      139.2390   130      189.5670      136.5692    41320   27.96%
   4227   463      138.7939   112      189.5670      136.5692    43447   27.96%
*  4995  1226      integral     0      171.2513      136.5702    49298   20.25%
*  5649  1797      integral     0      159.7766      136.5702    54841   14.52%
   6191  2087      139.3921    90      159.7766      136.7873    57893   14.39%
Elapsed time = 5.75 sec. (4118.67 ticks, tree = 9.52 MB, solutions = 4)
   8662  4394      143.4214   108      159.7766      137.3253    77813   14.05%
  11541  7177      142.0027    49      159.7766      137.7322   100741   13.80%
  14758 10085      145.4274    73      159.7766      138.0203   121584   13.62%
* 17486 12759      integral     0      156.7435      138.0769   142350   11.91%
* 17660 12694      integral     0      152.4297      138.0983   142991    9.40%
  17984 12648      145.1340   112      152.4297      138.0983   144438    9.40%
  21346 14766      141.4073   107      152.4297      138.1980   170841    9.34%
  24782 17846      142.9514     4      152.4297      138.2985   196514    9.27%
* 27009 20429      integral     0      152.3892      138.4022   216305    9.18%
  27626 20794      142.5023   132      152.3892      138.4053   219638    9.18%

Performing restart 2

Repeating presolve.
Tried aggregator 1 time.
MIP Presolve eliminated 0 rows and 179 columns.
Reduced MIP has 134 rows, 4309 columns, and 8486 nonzeros.
Reduced MIP has 4243 binaries, 66 generals, 0 SOSs, and 0 indicators.
Presolve time = 0.00 sec. (2.87 ticks)
Tried aggregator 1 time.
Reduced MIP has 134 rows, 4309 columns, and 8486 nonzeros.
Reduced MIP has 4243 binaries, 66 generals, 0 SOSs, and 0 indicators.
Presolve time = 0.00 sec. (2.76 ticks)
Represolve time = 0.11 sec. (59.14 ticks)
Problem contains 6501 lazy constraints.
  28393     0      137.4489   177      152.3892      Cuts: 43   231637    9.15%
  28393     0      137.7467    94      152.3892      Cuts: 47   231667    9.15%
  28393     0      137.7871   107      152.3892      Cuts: 49   231694    9.15%
  28393     0      137.8120   112      152.3892      Cuts: 46   231708    9.15%
  28393     0      137.8120   102      152.3892      Cuts: 25   231730    9.15%
  28393     0      137.9990   115      152.3892      Cuts: 47   231767    9.15%
  28393     0      138.0338    18      152.3892      Cuts: 41   231786    9.15%
  28393     0      138.1101   182      152.3892      Cuts: 41   231816    9.15%
  28393     0      138.2440   157      152.3892      Cuts: 39   231843    9.15%
  28393     0      138.2861    93      152.3892      Cuts: 24   231860    9.15%
  28393     0      138.3176    98      152.3892      Cuts: 26   231873    9.15%
  28393     0      138.3221   167      152.3892      Cuts: 16   231886    9.15%
  28393     0      138.3237   142      152.3892       Cuts: 9   231890    9.15%
  28393     0      138.3357   107      152.3892      Cuts: 20   231918    9.15%
  28393     0      138.3357   117      152.3892      Cuts: 43   231930    9.15%
  28393     0      138.3357    44      152.3892   ZeroHalf: 2   231933    9.15%
  28393     0      138.3357    55      152.3892      Cuts: 11   231945    9.15%
  28393     0      138.3407   142      152.3892      Cuts: 42   231965    9.15%

Repeating presolve.
Tried aggregator 1 time.
MIP Presolve eliminated 0 rows and 147 columns.
Reduced MIP has 134 rows, 4162 columns, and 8192 nonzeros.
Reduced MIP has 4096 binaries, 66 generals, 0 SOSs, and 0 indicators.
Presolve time = 0.00 sec. (2.76 ticks)
Tried aggregator 1 time.
Reduced MIP has 134 rows, 4162 columns, and 8192 nonzeros.
Reduced MIP has 4096 binaries, 66 generals, 0 SOSs, and 0 indicators.
Presolve time = 0.00 sec. (2.67 ticks)
Represolve time = 0.13 sec. (77.72 ticks)
Problem contains 6501 lazy constraints.
  28393     0      138.5694   160      152.3892      Cuts: 47   232354    9.07%
  28393     0      138.6083   164      152.3892      Cuts: 40   232369    9.04%
  28393     0      138.6083   152      152.3892      Cuts: 13   232377    9.04%
  28393     0      138.6083   166      152.3892      Cuts: 22   232385    9.04%
  28393     0      138.6813   134      152.3892       Cuts: 4   232389    9.00%
  28393     0      138.6813   154      152.3892       Cuts: 9   232398    9.00%
  28393     0      138.6813   145      152.3892   ZeroHalf: 7   232402    9.00%
  28393     0      138.6813   144      152.3892       Cuts: 7   232406    9.00%
  28393     0      138.6813   134      152.3892   ZeroHalf: 1   232407    9.00%
  28393     0      138.6830   163      152.3892       Cuts: 5   232412    8.99%
  28393     0      138.6844   161      152.3892   ZeroHalf: 5   232414    8.99%
  28393     0      138.6851   164      152.3892      Cuts: 11   232418    8.99%
  28393     0      138.6851   163      152.3892   ZeroHalf: 1   232419    8.99%
  28393     2      138.6851   163      152.3892      138.6851   232419    8.99%
  28696   238      140.1395    55      152.3892      139.0471   235895    8.76%
  29729  1049      144.2554    45      152.3892      139.1259   245330    8.70%
Elapsed time = 21.86 sec. (14916.40 ticks, tree = 5.38 MB, solutions = 7)
  31108  2159      141.5313    36      152.3892      139.1707   255466    8.67%
  32697  3612      140.3373   139      152.3892      139.1812   268983    8.67%
  34209  5094      143.6371   116      152.3892      139.1854   283882    8.66%
  35893  6404      145.5041    72      152.3892      139.2297   298626    8.64%
* 36856  7414      integral     0      151.7318      139.2307   304518    8.24%
  38620  8953      141.2686   135      151.7318      139.2484   319097    8.23%
  40387 10478      141.3231    45      151.7318      139.2647   332649    8.22%
  42325 12001      141.5549   131      151.7318      139.3008   345109    8.19%
  44181 13971      144.0549    94      151.7318      139.3008   358058    8.19%
  45990 15395      147.5326   101      151.7318      139.3331   370063    8.17%
Elapsed time = 37.75 sec. (23995.23 ticks, tree = 99.41 MB, solutions = 8)
  47989 17152      144.1800    74      151.7318      139.3751   384300    8.14%
  49984 19038      145.2638    47      151.7318      139.3875   398921    8.14%
  52390 21759      143.6842   127      151.7318      139.3995   420680    8.13%
  54804 23822      144.7542    88      151.7318      139.4257   437004    8.11%
  57212 26284      143.2982    97      151.7318      139.4734   456701    8.08%
  59635 28395      148.6310    87      151.7318      139.4994   474574    8.06%
  61972 30247      145.1708   103      151.7318      139.5263   489932    8.04%
  63796 32529      143.9226    57      151.7318      139.5614   508819    8.02%
* 64975 33454      integral     0      150.6932      139.5614   516285    7.39%
  66143 34097      145.6926    51      150.6932      139.5969   526192    7.36%
* 67905 35640      integral     0      147.7610      139.6100   535590    5.52%
  68583 35763        cutoff            147.7610      139.6110   538900    5.52%
Elapsed time = 55.21 sec. (33533.75 ticks, tree = 262.98 MB, solutions = 10)
  71125 34506      140.3454   195      147.7610      139.6701   563737    5.48%
  73786 37660      143.3513    41      147.7610      139.7406   594131    5.43%
* 75240 38415      integral     0      147.7324      139.7460   600825    5.41%
  77861 41418      142.9912    80      147.7324      139.8004   629414    5.37%
  80689 43572      144.6957   134      147.7324      139.8417   647143    5.34%
  83282 46212      142.6388   105      147.7324      139.8768   671691    5.32%
* 85215 48173      integral     0      147.4529      139.9037   691673    5.12%
  85739 48106      145.0755   160      147.4529      139.9067   692347    5.12%
  88402 50064      140.7383   194      147.4529      139.9373   713440    5.10%
  90886 52251      144.6227    30      147.4529      139.9705   742496    5.07%
  93526 54677      141.3100   122      147.4529      139.9959   767106    5.06%
Elapsed time = 72.53 sec. (42605.36 ticks, tree = 425.77 MB, solutions = 12)
  96293 57728      145.9157    31      147.4529      140.0547   791597    5.02%
  98504 59471      141.3308   137      147.4529      140.0743   809671    5.00%
 101072 61514      142.2646    72      147.4529      140.0975   827692    4.99%
 103905 64557      142.9657   122      147.4529      140.1110   851864    4.98%
 106738 67250      141.9382   146      147.4529      140.1303   871508    4.97%
 109550 69547      144.2394    70      147.4529      140.1386   888585    4.96%
 111930 71685      144.8108    84      147.4529      140.1521   907285    4.95%
 114367 74226      143.9509    33      147.4529      140.1715   927756    4.94%
 117093 76853      145.2283   125      147.4529      140.1861   948662    4.93%
 119876 78853      141.5499    81      147.4529      140.2137   969656    4.91%
Elapsed time = 90.42 sec. (52145.46 ticks, tree = 637.39 MB, solutions = 12)
 122702 81799      141.9043   107      147.4529      140.2378   994878    4.89%
 124959 83974      142.7724   136      147.4529      140.2576  1010429    4.88%
 127480 86026      143.2686   167      147.4529      140.2754  1028082    4.87%
 129831 88149      144.9361    70      147.4529      140.2920  1048240    4.86%
 132378 90313        cutoff            147.4529      140.2980  1069509    4.85%
 135040 93251      142.6799    68      147.4529      140.3172  1094459    4.84%
 137657 95185      142.7999   155      147.4529      140.3359  1109248    4.83%
 140100 97947      142.7886    31      147.4529      140.3469  1133345    4.82%
 142597 100195      143.6318    52      147.4529      140.3575  1150762    4.81%
 144969 102159      144.5352   104      147.4529      140.3675  1169525    4.81%
Elapsed time = 108.58 sec. (61685.23 ticks, tree = 843.30 MB, solutions = 12)
 147453 104395      143.9409   149      147.4529      140.3761  1185704    4.80%
 150013 106874      140.5197   148      147.4529      140.3855  1210681    4.79%
 152633 109303      141.5435    94      147.4529      140.4037  1231372    4.78%
 155221 111774      140.9841   151      147.4529      140.4109  1254024    4.78%
 157346 113707      141.9488    72      147.4529      140.4263  1272817    4.77%
 159707 115685      144.9016    92      147.4529      140.4294  1288395    4.76%
 162323 118047      145.7949    98      147.4529      140.4397  1308128    4.76%
 165101 120597      143.5606   181      147.4529      140.4459  1328128    4.75%
 167791 122666      145.4202    55      147.4529      140.4551  1345812    4.75%
 170702 125146      141.1072   149      147.4529      140.4662  1363264    4.74%
Elapsed time = 126.95 sec. (71225.21 ticks, tree = 1049.89 MB, solutions = 12)
 173182 128087      142.8482   137      147.4529      140.4761  1389334    4.73%
 175810 130450      141.6966   161      147.4529      140.4854  1409403    4.73%
 178180 133045      141.6081   150      147.4529      140.4890  1429495    4.72%
 180618 135016      143.2142   122      147.4529      140.4935  1445333    4.72%
*182025 135821      integral     0      147.1787      140.4941  1449030    4.54%
 183234 135981      141.4399    35      147.1787      140.4942  1463674    4.54%
 185866 138429      142.8006    82      147.1787      140.5034  1487745    4.54%
*186706 138808      integral     0      146.9771      140.5049  1490303    4.40%
 188683 139287      141.0004   101      146.9771      140.5118  1505043    4.40%
 191425 141873      142.1117   176      146.9771      140.5154  1524491    4.40%
 194230 144305      143.0919    40      146.9771      140.5228  1546949    4.39%
 196628 146332      141.4526   171      146.9771      140.5280  1566460    4.39%
Elapsed time = 145.18 sec. (80765.62 ticks, tree = 1248.29 MB, solutions = 14)
 199076 148029      141.0132   164      146.9771      140.5338  1581555    4.38%
*201163 150007      integral     0      146.1881      140.5357  1593895    3.87%
*202724 143543      integral     0      144.1975      140.5394  1608094    2.54%
*203713 104831      integral     0      143.5518      140.5396  1611503    2.10%
 205532 87193      141.8431    41      143.5518      140.5452  1634119    2.09%
 208410 89569      140.9270   151      143.5518      140.5537  1661500    2.09%
 211284 91950        cutoff            143.5518      140.5668  1686684    2.08%
 213919 94130      142.9036   145      143.5518      140.5802  1714475    2.07%
 216430 95309      141.4861    38      143.5518      140.5909  1731075    2.06%
 219072 97778      141.9629    92      143.5518      140.6042  1760594    2.05%
*227367 103667      integral     0      143.1054      140.6386  1829185    1.72%
Elapsed time = 164.96 sec. (91468.24 ticks, tree = 905.90 MB, solutions = 17)
*230074 88451      integral     0      142.9172      140.6525  1855263    1.58%
 238195 87379      140.7752   156      142.9172      140.6852  1935311    1.56%
 248541 93505      141.8800    28      142.9172      140.7396  2032668    1.52%
*252029 95872      integral     0      142.8673      140.7570  2070991    1.48%
*257821 96934      integral     0      142.4126      140.7852  2135519    1.14%
 258473 76648      141.2413    15      142.4126      140.7921  2145429    1.14%
 268525 81220        cutoff            142.4126      140.8655  2251033    1.09%
 279188 85229      141.7948   107      142.4126      140.9342  2351987    1.04%
 290660 90558        cutoff            142.4126      140.9903  2471171    1.00%
 302149 94738      141.1448   118      142.4126      141.0405  2579251    0.96%
 313788 99293      142.2354    61      142.4126      141.0867  2697057    0.93%
 325327 103173      141.6551    78      142.4126      141.1317  2806785    0.90%
 336802 106577      142.1752    78      142.4126      141.1694  2916518    0.87%
Elapsed time = 230.14 sec. (129619.32 ticks, tree = 979.46 MB, solutions = 21)
 348043 109834      142.1758    88      142.4126      141.2128  3028805    0.84%
 359448 112963      141.8174    49      142.4126      141.2493  3136997    0.82%
 371171 115840      142.1267   100      142.4126      141.2879  3249317    0.79%
 382736 118777      142.0214    84      142.4126      141.3210  3355447    0.77%
 394241 121621      141.4724    78      142.4126      141.3531  3465304    0.74%
 405776 124260      141.6403    16      142.4126      141.3823  3586427    0.72%
 417465 126299      141.8378    45      142.4126      141.4083  3690725    0.71%
 429268 128235      141.7464    45      142.4126      141.4357  3793006    0.69%
*430711 128574      integral     0      142.2535      141.4394  3807493    0.57%
 440711 113605        cutoff            142.2535      141.4634  3888996    0.56%
 452380 113688        cutoff            142.2535      141.4926  3990074    0.53%
Elapsed time = 320.46 sec. (167768.61 ticks, tree = 1064.26 MB, solutions = 22)
 464016 113058        cutoff            142.2535      141.5218  4090395    0.51%
*472276 112235      integral     0      142.2167      141.5452  4177502    0.47%
 475526 107774      141.7359    76      142.2167      141.5521  4203609    0.47%
 487070 106307      142.0527    59      142.2167      141.5831  4296391    0.45%
 498439 104552    infeasible            142.2167      141.6113  4394252    0.43%
 509626 102488      142.2037    43      142.2167      141.6410  4473362    0.40%
 520723 99749      142.2091    77      142.2167      141.6692  4574680    0.38%
