\BOOKMARK [0][-]{chapter.1}{\376\377\000I\000n\000t\000r\000o\000d\000u\000c\000t\000i\000o\000n}{}% 1
\BOOKMARK [1][-]{section.1.1}{\376\377\000P\000r\000o\000b\000l\000e\000m\000\040\000d\000e\000f\000i\000n\000i\000t\000i\000o\000n\000\040\000a\000n\000d\000\040\000h\000i\000s\000t\000o\000r\000y}{chapter.1}% 2
\BOOKMARK [1][-]{section.1.2}{\376\377\000M\000a\000t\000h\000e\000m\000a\000t\000i\000c\000a\000l\000\040\000M\000o\000d\000e\000l}{chapter.1}% 3
\BOOKMARK [0][-]{chapter.2}{\376\377\000C\000o\000m\000p\000a\000c\000t\000\040\000M\000o\000d\000e\000l\000s}{}% 4
\BOOKMARK [1][-]{section.2.1}{\376\377\000M\000i\000l\000l\000e\000r\000-\000T\000u\000c\000k\000e\000r\000-\000Z\000e\000m\000l\000i\000n}{chapter.2}% 5
\BOOKMARK [2][-]{figure.caption.5}{\376\377\000M\000i\000l\000l\000e\000r\000-\000T\000u\000c\000k\000e\000r\000-\000Z\000e\000m\000l\000i\000n\000\040\000m\000o\000d\000e\000l}{section.2.1}% 6
\BOOKMARK [3][-]{theorem.1}{\376\377\000C\000P\000L\000E\000X\000\040\000i\000m\000p\000l\000e\000m\000e\000n\000t\000a\000t\000i\000o\000n\000s}{figure.caption.5}% 7
\BOOKMARK [3][-]{table.caption.7}{\376\377\000S\000p\000e\000e\000d\000i\000n\000g\000\040\000u\000p\000\040\000t\000h\000e\000\040\000m\000o\000d\000e\000l}{figure.caption.5}% 8
\BOOKMARK [1][-]{section.2.2}{\376\377\000G\000a\000v\000i\000s\000h\000\040\000a\000n\000d\000\040\000G\000r\000a\000v\000e\000s}{chapter.2}% 9
\BOOKMARK [2][-]{figure.caption.9}{\376\377\000G\000a\000v\000i\000s\000h\000-\000G\000r\000a\000v\000e\000s\000\040\000m\000o\000d\000e\000l\000,\000\040\000l\000e\000c\000t\000u\000r\000e}{section.2.2}% 10
\BOOKMARK [3][-]{section*.10}{\376\377\000G\000a\000v\000i\000s\000h\000-\000G\000r\000a\000v\000e\000s\000\040\000m\000o\000d\000e\000l\000,\000\040\000l\000i\000t\000e\000r\000a\000t\000u\000r\000e}{figure.caption.9}% 11
\BOOKMARK [3][-]{section*.10}{\376\377\000C\000P\000L\000E\000X\000\040\000i\000m\000p\000l\000e\000m\000e\000n\000t\000a\000t\000i\000o\000n\000s}{figure.caption.9}% 12
\BOOKMARK [1][-]{section.2.3}{\376\377\000C\000o\000m\000p\000a\000c\000t\000\040\000m\000o\000d\000e\000l\000s\000\040\000c\000o\000m\000p\000a\000r\000i\000s\000o\000n}{chapter.2}% 13
\BOOKMARK [0][-]{chapter.3}{\376\377\000B\000e\000n\000d\000e\000r\000s\000\040\000M\000e\000t\000h\000o\000d}{}% 14
\BOOKMARK [1][-]{section.3.1}{\376\377\000T\000h\000e\000\040\000L\000o\000o\000p\000\040\000m\000e\000t\000h\000o\000d}{chapter.3}% 15
\BOOKMARK [2][-]{figure.caption.15}{\376\377\000I\000m\000p\000l\000e\000m\000e\000n\000t\000a\000t\000i\000o\000n\000\040\000d\000e\000t\000a\000i\000l\000s}{section.3.1}% 16
\BOOKMARK [1][-]{section.3.2}{\376\377\000T\000h\000e\000\040\000T\000w\000o\000-\000p\000h\000a\000s\000e\000\040\000L\000o\000o\000p\000\040\000m\000e\000t\000h\000o\000d}{chapter.3}% 17
\BOOKMARK [1][-]{section.3.3}{\376\377\000C\000a\000l\000l\000b\000a\000c\000k\000s\000\040\000m\000e\000t\000h\000o\000d}{chapter.3}% 18
\BOOKMARK [0][-]{chapter.4}{\376\377\000M\000a\000t\000h\000e\000u\000r\000i\000s\000t\000i\000c\000s}{}% 19
\BOOKMARK [1][-]{section.4.1}{\376\377\000H\000a\000r\000d\000\040\000F\000i\000x\000i\000n\000g}{chapter.4}% 20
\BOOKMARK [2][-]{subsection.4.1.1}{\376\377\000I\000m\000p\000l\000e\000m\000e\000n\000t\000a\000t\000i\000o\000n\000\040\000d\000e\000t\000a\000i\000l\000s}{section.4.1}% 21
\BOOKMARK [1][-]{section.4.2}{\376\377\000S\000o\000f\000t\000\040\000F\000i\000x\000i\000n\000g}{chapter.4}% 22
\BOOKMARK [2][-]{subsection.4.2.1}{\376\377\000I\000m\000p\000l\000e\000m\000e\000n\000t\000a\000t\000i\000o\000n\000\040\000D\000e\000t\000a\000i\000l\000s}{section.4.2}% 23
\BOOKMARK [0][-]{chapter.5}{\376\377\000A\000p\000p\000r\000o\000x\000i\000m\000a\000t\000i\000o\000n\000\040\000a\000l\000g\000o\000r\000i\000t\000h\000m\000s}{}% 24
\BOOKMARK [1][-]{section.5.1}{\376\377\0002\000-\000a\000p\000p\000r\000o\000x\000i\000m\000a\000t\000i\000o\000n\000\040\000a\000l\000g\000o\000r\000i\000t\000h\000m}{chapter.5}% 25
\BOOKMARK [2][-]{figure.caption.18}{\376\377\000I\000m\000p\000l\000e\000m\000e\000n\000t\000a\000t\000i\000o\000n\000\040\000d\000e\000t\000a\000i\000l\000s}{section.5.1}% 26
\BOOKMARK [1][-]{section.5.2}{\376\377\0003\0002\000-\000a\000p\000p\000r\000o\000x\000i\000m\000a\000t\000i\000o\000n\000\040\000a\000l\000g\000o\000r\000i\000t\000h\000m}{chapter.5}% 27
\BOOKMARK [0][-]{chapter.6}{\376\377\000H\000e\000u\000r\000i\000s\000t\000i\000c\000s}{}% 28
\BOOKMARK [1][-]{section.6.1}{\376\377\000C\000o\000n\000s\000t\000r\000u\000c\000t\000i\000v\000e\000\040\000H\000e\000u\000r\000i\000s\000t\000i\000c\000s}{chapter.6}% 29
\BOOKMARK [2][-]{subsection.6.1.1}{\376\377\000G\000r\000e\000e\000d\000y}{section.6.1}% 30
\BOOKMARK [2][-]{subsection.6.1.2}{\376\377\000G\000R\000A\000S\000P}{section.6.1}% 31
\BOOKMARK [3][-]{section*.19}{\376\377\000I\000m\000p\000l\000e\000m\000e\000n\000t\000a\000t\000i\000o\000n\000\040\000d\000e\000t\000a\000i\000l\000s}{subsection.6.1.2}% 32
\BOOKMARK [2][-]{subsection.6.1.3}{\376\377\000E\000x\000t\000r\000a\000\040\000M\000i\000l\000e\000a\000g\000e}{section.6.1}% 33
\BOOKMARK [3][-]{figure.caption.20}{\376\377\000I\000m\000p\000l\000e\000m\000e\000n\000t\000a\000t\000i\000o\000n\000\040\000d\000e\000t\000a\000i\000l\000s}{subsection.6.1.3}% 34
\BOOKMARK [1][-]{section.6.2}{\376\377\000R\000e\000f\000i\000n\000e\000m\000e\000n\000t\000\040\000h\000e\000u\000r\000i\000s\000t\000i\000c\000s}{chapter.6}% 35
\BOOKMARK [2][-]{subsection.6.2.1}{\376\377\000k\000-\000o\000p\000t\000\040\000m\000o\000v\000e\000s}{section.6.2}% 36
\BOOKMARK [3][-]{section*.22}{\376\377\0002\000-\000o\000p\000t\000\040\000m\000o\000v\000e\000s}{subsection.6.2.1}% 37
\BOOKMARK [3][-]{equation.6.2.1}{\376\377\0003\000-\000o\000p\000t\000\040\000m\000o\000v\000e\000s}{subsection.6.2.1}% 38
\BOOKMARK [3][-]{equation.6.2.1}{\376\377\000I\000m\000p\000l\000e\000m\000e\000n\000t\000a\000t\000i\000o\000n\000\040\000d\000e\000t\000a\000i\000l\000s}{subsection.6.2.1}% 39
\BOOKMARK [0][-]{chapter.7}{\376\377\000M\000e\000t\000a\000h\000e\000u\000r\000i\000s\000t\000i\000c\000s}{}% 40
\BOOKMARK [1][-]{section.7.1}{\376\377\000V\000a\000r\000i\000a\000b\000l\000e\000\040\000N\000e\000i\000g\000h\000b\000o\000r\000h\000o\000o\000d\000\040\000S\000e\000a\000r\000c\000h}{chapter.7}% 41
\BOOKMARK [2][-]{algocf.4}{\376\377\000I\000m\000p\000l\000e\000m\000e\000n\000t\000a\000t\000i\000o\000n\000\040\000d\000e\000t\000a\000i\000l\000s}{section.7.1}% 42
\BOOKMARK [1][-]{section.7.2}{\376\377\000T\000a\000b\000u\000\040\000S\000e\000a\000r\000c\000h}{chapter.7}% 43
\BOOKMARK [2][-]{algocf.5}{\376\377\000I\000m\000p\000l\000e\000m\000e\000n\000t\000a\000t\000i\000o\000n\000\040\000d\000e\000t\000a\000i\000l\000s}{section.7.2}% 44
\BOOKMARK [1][-]{section.7.3}{\376\377\000G\000e\000n\000e\000t\000i\000c\000\040\000a\000l\000g\000o\000r\000i\000t\000h\000m}{chapter.7}% 45
\BOOKMARK [2][-]{algocf.6}{\376\377\000I\000m\000p\000l\000e\000m\000e\000n\000t\000a\000t\000i\000o\000n\000\040\000d\000e\000t\000a\000i\000l\000s}{section.7.3}% 46
\BOOKMARK [0][-]{appendix.A}{\376\377\000A\000p\000p\000e\000n\000d\000i\000x}{}% 47
